<?xml version="1.0" encoding="UTF-8"?>
<!-- Generated by org.testng.reporters.JUnitReportReporter -->
<testsuite hostname="EDIANZU-0UCLMVN" name="com.jxq.douban.SearchTagsTest" tests="2" failures="0" timestamp="20 May 2019 02:04:32 GMT" time="1.449" errors="0">
  <testcase name="testcase1" time="1.362" classname="com.jxq.douban.SearchTagsTest"/>
  <testcase name="testcase2" time="0.087" classname="com.jxq.douban.SearchTagsTest"/>
</testsuite> <!-- com.jxq.douban.SearchTagsTest -->
